============================================
2020/4/1 9:18:26
============================================

2020-04-01 09:20:26-->StartScanDevice sms(0),contact(0),call(0),au(0),vi(1),img(1),whatapp(0),doc(0),viber(0)
2020-04-01 09:20:26-->StartScanDevice info: ce08171824147728057e,device,samsung,SM-N950N ,9
,N950NKSU5DTB1
2020-04-01 09:20:29-->RC_Doing Line:215, g_currentscandiskCount :-1
2020-04-01 09:20:31-->sqlitedata ok
2020-04-01 09:20:36-->scan finish filecount:0
2020-04-01 09:22:51-->StartScanDevice sms(0),contact(0),call(0),au(0),vi(1),img(1),whatapp(0),doc(0),viber(0)
2020-04-01 09:22:51-->StartScanDevice info: ce08171824147728057e,device,samsung,SM-N950N ,9
,N950NKSU5DTB1
2020-04-01 09:22:55-->RC_Doing Line:215, g_currentscandiskCount :-1
2020-04-01 09:22:58-->sqlitedata ok
2020-04-01 09:23:03-->scan finish filecount:0
2020-04-01 09:23:26-->StartScanDevice sms(0),contact(0),call(0),au(0),vi(1),img(1),whatapp(0),doc(0),viber(0)
2020-04-01 09:23:26-->StartScanDevice info: ce08171824147728057e,device,samsung,SM-N950N ,9
,N950NKSU5DTB1
2020-04-01 09:23:29-->RC_Doing Line:215, g_currentscandiskCount :-1
2020-04-01 09:23:32-->sqlitedata ok
2020-04-01 09:23:37-->scan finish filecount:0
2020-04-01 09:23:57-->StartScanDevice sms(0),contact(0),call(0),au(0),vi(1),img(1),whatapp(0),doc(0),viber(0)
2020-04-01 09:23:57-->StartScanDevice info: ce08171824147728057e,device,samsung,SM-N950N ,9
,N950NKSU5DTB1
2020-04-01 09:24:01-->RC_Doing Line:215, g_currentscandiskCount :-1
2020-04-01 09:24:04-->sqlitedata ok
2020-04-01 09:24:09-->scan finish filecount:0
